<?xml version="1.0" encoding="UTF-8"?>
<testng-results ignored="0" total="2" passed="2" failed="0" skipped="0">
  <reporter-output>
  </reporter-output>
  <suite started-at="2020-05-24T21:08:14Z" name="Suite" finished-at="2020-05-24T21:08:45Z" duration-ms="31121">
    <groups>
    </groups>
    <test started-at="2020-05-24T21:08:14Z" name="Test" finished-at="2020-05-24T21:08:45Z" duration-ms="31121">
      <class name="pocFramework.pocFramework.Test_Cases_2">
        <test-method is-config="true" signature="initDriver()[pri:0, instance:pocFramework.pocFramework.Test_Cases_2@3ffcd140]" started-at="2020-05-24T21:08:26Z" name="initDriver" finished-at="2020-05-24T21:08:27Z" duration-ms="992" status="PASS">
          <reporter-output>
          </reporter-output>
        </test-method> <!-- initDriver -->
        <test-method signature="NewUserReg(java.lang.String, java.lang.String, java.lang.String, java.lang.String, java.lang.String, java.lang.String, java.lang.String, java.lang.String, java.lang.String, java.lang.String, java.lang.String, java.lang.String)[pri:0, instance:pocFramework.pocFramework.Test_Cases_2@3ffcd140]" started-at="2020-05-24T21:08:27Z" name="NewUserReg" data-provider="testData" finished-at="2020-05-24T21:08:44Z" duration-ms="16699" status="PASS">
          <params>
            <param index="0">
              <value>
                <![CDATA[ https://demo.nopcommerce.com/]]>
              </value>
            </param>
            <param index="1">
              <value>
                <![CDATA[mahesh]]>
              </value>
            </param>
            <param index="2">
              <value>
                <![CDATA[mahesh123]]>
              </value>
            </param>
            <param index="3">
              <value>
                <![CDATA[maheshdube01@gmail.com]]>
              </value>
            </param>
            <param index="4">
              <value>
                <![CDATA[mahesh]]>
              </value>
            </param>
            <param index="5">
              <value>
                <![CDATA[Dube]]>
              </value>
            </param>
            <param index="6">
              <value>
                <![CDATA[Vodafone]]>
              </value>
            </param>
            <param index="7">
              <value>
                <![CDATA[27]]>
              </value>
            </param>
            <param index="8">
              <value>
                <![CDATA[7]]>
              </value>
            </param>
            <param index="9">
              <value>
                <![CDATA[1988]]>
              </value>
            </param>
            <param index="10">
              <value>
                <![CDATA[ Your registration completed]]>
              </value>
            </param>
            <param index="11">
              <value>
                <![CDATA[The specified email already exists]]>
              </value>
            </param>
          </params>
          <reporter-output>
          </reporter-output>
        </test-method> <!-- NewUserReg -->
        <test-method is-config="true" signature="TearDown()[pri:0, instance:pocFramework.pocFramework.Test_Cases_2@3ffcd140]" started-at="2020-05-24T21:08:45Z" name="TearDown" finished-at="2020-05-24T21:08:45Z" duration-ms="83" status="PASS">
          <reporter-output>
          </reporter-output>
        </test-method> <!-- TearDown -->
      </class> <!-- pocFramework.pocFramework.Test_Cases_2 -->
      <class name="pocFramework.pocFramework.Test_Cases_1">
        <test-method is-config="true" signature="initDriver()[pri:0, instance:pocFramework.pocFramework.Test_Cases_1@3e77a1ed]" started-at="2020-05-24T21:08:14Z" name="initDriver" finished-at="2020-05-24T21:08:15Z" duration-ms="1344" status="PASS">
          <reporter-output>
          </reporter-output>
        </test-method> <!-- initDriver -->
        <test-method signature="NewUserReg(java.lang.String, java.lang.String, java.lang.String, java.lang.String, java.lang.String, java.lang.String, java.lang.String, java.lang.String, java.lang.String, java.lang.String, java.lang.String, java.lang.String)[pri:0, instance:pocFramework.pocFramework.Test_Cases_1@3e77a1ed]" started-at="2020-05-24T21:08:16Z" name="NewUserReg" data-provider="testData" finished-at="2020-05-24T21:08:25Z" duration-ms="9617" status="PASS">
          <params>
            <param index="0">
              <value>
                <![CDATA[ https://demo.nopcommerce.com/]]>
              </value>
            </param>
            <param index="1">
              <value>
                <![CDATA[mahesh]]>
              </value>
            </param>
            <param index="2">
              <value>
                <![CDATA[mahesh123]]>
              </value>
            </param>
            <param index="3">
              <value>
                <![CDATA[maheshdube01@gmail.com]]>
              </value>
            </param>
            <param index="4">
              <value>
                <![CDATA[mahesh]]>
              </value>
            </param>
            <param index="5">
              <value>
                <![CDATA[Dube]]>
              </value>
            </param>
            <param index="6">
              <value>
                <![CDATA[Vodafone]]>
              </value>
            </param>
            <param index="7">
              <value>
                <![CDATA[27]]>
              </value>
            </param>
            <param index="8">
              <value>
                <![CDATA[7]]>
              </value>
            </param>
            <param index="9">
              <value>
                <![CDATA[1988]]>
              </value>
            </param>
            <param index="10">
              <value>
                <![CDATA[ Your registration completed]]>
              </value>
            </param>
            <param index="11">
              <value>
                <![CDATA[The specified email already exists]]>
              </value>
            </param>
          </params>
          <reporter-output>
          </reporter-output>
        </test-method> <!-- NewUserReg -->
        <test-method is-config="true" signature="TearDown()[pri:0, instance:pocFramework.pocFramework.Test_Cases_1@3e77a1ed]" started-at="2020-05-24T21:08:26Z" name="TearDown" finished-at="2020-05-24T21:08:26Z" duration-ms="86" status="PASS">
          <reporter-output>
          </reporter-output>
        </test-method> <!-- TearDown -->
      </class> <!-- pocFramework.pocFramework.Test_Cases_1 -->
    </test> <!-- Test -->
  </suite> <!-- Suite -->
</testng-results>
