<?xml version="1.0" encoding="UTF-8"?>
<testng-results skipped="0" failed="0" ignored="0" total="2" passed="2">
  <reporter-output>
  </reporter-output>
  <suite name="Suite" duration-ms="37258" started-at="2020-05-25T11:41:09Z" finished-at="2020-05-25T11:41:46Z">
    <groups>
    </groups>
    <test name="Test" duration-ms="37258" started-at="2020-05-25T11:41:09Z" finished-at="2020-05-25T11:41:46Z">
      <class name="pocFramework.pocFramework.Test_Cases_2">
        <test-method status="PASS" signature="initDriver()[pri:0, instance:pocFramework.pocFramework.Test_Cases_2@39fb3ab6]" name="initDriver" is-config="true" duration-ms="734" started-at="2020-05-25T11:41:29Z" finished-at="2020-05-25T11:41:30Z">
          <reporter-output>
          </reporter-output>
        </test-method> <!-- initDriver -->
        <test-method status="PASS" signature="NewUserReg(java.lang.String, java.lang.String, java.lang.String, java.lang.String, java.lang.String, java.lang.String, java.lang.String, java.lang.String, java.lang.String, java.lang.String, java.lang.String, java.lang.String)[pri:0, instance:pocFramework.pocFramework.Test_Cases_2@39fb3ab6]" name="NewUserReg" duration-ms="15577" started-at="2020-05-25T11:41:30Z" data-provider="testData" finished-at="2020-05-25T11:41:45Z">
          <params>
            <param index="0">
              <value>
                <![CDATA[ https://demo.nopcommerce.com/]]>
              </value>
            </param>
            <param index="1">
              <value>
                <![CDATA[mahesh]]>
              </value>
            </param>
            <param index="2">
              <value>
                <![CDATA[mahesh123]]>
              </value>
            </param>
            <param index="3">
              <value>
                <![CDATA[maheshdube01@gmail.com]]>
              </value>
            </param>
            <param index="4">
              <value>
                <![CDATA[mahesh]]>
              </value>
            </param>
            <param index="5">
              <value>
                <![CDATA[Dube]]>
              </value>
            </param>
            <param index="6">
              <value>
                <![CDATA[Vodafone]]>
              </value>
            </param>
            <param index="7">
              <value>
                <![CDATA[27]]>
              </value>
            </param>
            <param index="8">
              <value>
                <![CDATA[7]]>
              </value>
            </param>
            <param index="9">
              <value>
                <![CDATA[1988]]>
              </value>
            </param>
            <param index="10">
              <value>
                <![CDATA[ Your registration completed]]>
              </value>
            </param>
            <param index="11">
              <value>
                <![CDATA[The specified email already exists]]>
              </value>
            </param>
          </params>
          <reporter-output>
          </reporter-output>
        </test-method> <!-- NewUserReg -->
        <test-method status="PASS" signature="TearDown()[pri:0, instance:pocFramework.pocFramework.Test_Cases_2@39fb3ab6]" name="TearDown" is-config="true" duration-ms="82" started-at="2020-05-25T11:41:46Z" finished-at="2020-05-25T11:41:46Z">
          <reporter-output>
          </reporter-output>
        </test-method> <!-- TearDown -->
      </class> <!-- pocFramework.pocFramework.Test_Cases_2 -->
      <class name="pocFramework.pocFramework.Test_Cases_1">
        <test-method status="PASS" signature="initDriver()[pri:0, instance:pocFramework.pocFramework.Test_Cases_1@61a485d2]" name="initDriver" is-config="true" duration-ms="2160" started-at="2020-05-25T11:41:09Z" finished-at="2020-05-25T11:41:11Z">
          <reporter-output>
          </reporter-output>
        </test-method> <!-- initDriver -->
        <test-method status="PASS" signature="NewUserReg(java.lang.String, java.lang.String, java.lang.String, java.lang.String, java.lang.String, java.lang.String, java.lang.String, java.lang.String, java.lang.String, java.lang.String, java.lang.String, java.lang.String)[pri:0, instance:pocFramework.pocFramework.Test_Cases_1@61a485d2]" name="NewUserReg" duration-ms="16279" started-at="2020-05-25T11:41:12Z" data-provider="testData" finished-at="2020-05-25T11:41:28Z">
          <params>
            <param index="0">
              <value>
                <![CDATA[ https://demo.nopcommerce.com/]]>
              </value>
            </param>
            <param index="1">
              <value>
                <![CDATA[mahesh]]>
              </value>
            </param>
            <param index="2">
              <value>
                <![CDATA[mahesh123]]>
              </value>
            </param>
            <param index="3">
              <value>
                <![CDATA[maheshdube01@gmail.com]]>
              </value>
            </param>
            <param index="4">
              <value>
                <![CDATA[mahesh]]>
              </value>
            </param>
            <param index="5">
              <value>
                <![CDATA[Dube]]>
              </value>
            </param>
            <param index="6">
              <value>
                <![CDATA[Vodafone]]>
              </value>
            </param>
            <param index="7">
              <value>
                <![CDATA[27]]>
              </value>
            </param>
            <param index="8">
              <value>
                <![CDATA[7]]>
              </value>
            </param>
            <param index="9">
              <value>
                <![CDATA[1988]]>
              </value>
            </param>
            <param index="10">
              <value>
                <![CDATA[ Your registration completed]]>
              </value>
            </param>
            <param index="11">
              <value>
                <![CDATA[The specified email already exists]]>
              </value>
            </param>
          </params>
          <reporter-output>
          </reporter-output>
        </test-method> <!-- NewUserReg -->
        <test-method status="PASS" signature="TearDown()[pri:0, instance:pocFramework.pocFramework.Test_Cases_1@61a485d2]" name="TearDown" is-config="true" duration-ms="82" started-at="2020-05-25T11:41:29Z" finished-at="2020-05-25T11:41:29Z">
          <reporter-output>
          </reporter-output>
        </test-method> <!-- TearDown -->
      </class> <!-- pocFramework.pocFramework.Test_Cases_1 -->
    </test> <!-- Test -->
  </suite> <!-- Suite -->
</testng-results>
