<?xml version="1.0" encoding="UTF-8"?>
<testsuite xmlns:xsi="http://www.w3.org/2001/XMLSchema-instance" xsi:noNamespaceSchemaLocation="https://maven.apache.org/surefire/maven-surefire-plugin/xsd/surefire-test-report-3.0.xsd" version="3.0" name="TestSuite" time="31.801" tests="2" errors="0" skipped="0" failures="0">
  <properties>
[...]
</properties>
  <testcase name="NewUserReg" classname="pocFramework.pocFramework.Test_Cases_1" time="10.449"/>
  <testcase name="NewUserReg" classname="pocFramework.pocFramework.Test_Cases_2" time="17.596"/>
</testsuite>