<?xml version="1.0" encoding="UTF-8"?>
<testng-results ignored="0" total="2" passed="2" failed="0" skipped="0">
  <reporter-output>
  </reporter-output>
  <suite started-at="2020-05-23T10:08:44Z" name="Suite" finished-at="2020-05-23T10:09:30Z" duration-ms="45851">
    <groups>
    </groups>
    <test started-at="2020-05-23T10:08:44Z" name="Test" finished-at="2020-05-23T10:09:30Z" duration-ms="45851">
      <class name="pocFramework.pocFramework.Test_Cases_2">
        <test-method is-config="true" signature="initDriver()[pri:0, instance:pocFramework.pocFramework.Test_Cases_2@358c99f5]" started-at="2020-05-23T10:09:06Z" name="initDriver" finished-at="2020-05-23T10:09:13Z" duration-ms="7110" status="PASS">
          <reporter-output>
          </reporter-output>
        </test-method> <!-- initDriver -->
        <test-method signature="NewUserReg(java.lang.String, java.lang.String, java.lang.String, java.lang.String, java.lang.String, java.lang.String, java.lang.String, java.lang.String, java.lang.String, java.lang.String, java.lang.String, java.lang.String)[pri:0, instance:pocFramework.pocFramework.Test_Cases_2@358c99f5]" started-at="2020-05-23T10:09:13Z" name="NewUserReg" data-provider="testData" finished-at="2020-05-23T10:09:29Z" duration-ms="15634" status="PASS">
          <params>
            <param index="0">
              <value>
                <![CDATA[ https://demo.nopcommerce.com/]]>
              </value>
            </param>
            <param index="1">
              <value>
                <![CDATA[mahesh]]>
              </value>
            </param>
            <param index="2">
              <value>
                <![CDATA[mahesh123]]>
              </value>
            </param>
            <param index="3">
              <value>
                <![CDATA[maheshdube01@gmail.com]]>
              </value>
            </param>
            <param index="4">
              <value>
                <![CDATA[mahesh]]>
              </value>
            </param>
            <param index="5">
              <value>
                <![CDATA[Dube]]>
              </value>
            </param>
            <param index="6">
              <value>
                <![CDATA[Vodafone]]>
              </value>
            </param>
            <param index="7">
              <value>
                <![CDATA[27]]>
              </value>
            </param>
            <param index="8">
              <value>
                <![CDATA[7]]>
              </value>
            </param>
            <param index="9">
              <value>
                <![CDATA[1988]]>
              </value>
            </param>
            <param index="10">
              <value>
                <![CDATA[ Your registration completed]]>
              </value>
            </param>
            <param index="11">
              <value>
                <![CDATA[The specified email already exists]]>
              </value>
            </param>
          </params>
          <reporter-output>
          </reporter-output>
        </test-method> <!-- NewUserReg -->
        <test-method is-config="true" signature="TearDown()[pri:0, instance:pocFramework.pocFramework.Test_Cases_2@358c99f5]" started-at="2020-05-23T10:09:30Z" name="TearDown" finished-at="2020-05-23T10:09:30Z" duration-ms="82" status="PASS">
          <reporter-output>
          </reporter-output>
        </test-method> <!-- TearDown -->
      </class> <!-- pocFramework.pocFramework.Test_Cases_2 -->
      <class name="pocFramework.pocFramework.Test_Cases_1">
        <test-method is-config="true" signature="initDriver()[pri:0, instance:pocFramework.pocFramework.Test_Cases_1@53ca01a2]" started-at="2020-05-23T10:08:44Z" name="initDriver" finished-at="2020-05-23T10:08:46Z" duration-ms="1837" status="PASS">
          <reporter-output>
          </reporter-output>
        </test-method> <!-- initDriver -->
        <test-method signature="NewUserReg(java.lang.String, java.lang.String, java.lang.String, java.lang.String, java.lang.String, java.lang.String, java.lang.String, java.lang.String, java.lang.String, java.lang.String, java.lang.String, java.lang.String)[pri:0, instance:pocFramework.pocFramework.Test_Cases_1@53ca01a2]" started-at="2020-05-23T10:08:46Z" name="NewUserReg" data-provider="testData" finished-at="2020-05-23T10:09:05Z" duration-ms="18827" status="PASS">
          <params>
            <param index="0">
              <value>
                <![CDATA[ https://demo.nopcommerce.com/]]>
              </value>
            </param>
            <param index="1">
              <value>
                <![CDATA[mahesh]]>
              </value>
            </param>
            <param index="2">
              <value>
                <![CDATA[mahesh123]]>
              </value>
            </param>
            <param index="3">
              <value>
                <![CDATA[maheshdube01@gmail.com]]>
              </value>
            </param>
            <param index="4">
              <value>
                <![CDATA[mahesh]]>
              </value>
            </param>
            <param index="5">
              <value>
                <![CDATA[Dube]]>
              </value>
            </param>
            <param index="6">
              <value>
                <![CDATA[Vodafone]]>
              </value>
            </param>
            <param index="7">
              <value>
                <![CDATA[27]]>
              </value>
            </param>
            <param index="8">
              <value>
                <![CDATA[7]]>
              </value>
            </param>
            <param index="9">
              <value>
                <![CDATA[1988]]>
              </value>
            </param>
            <param index="10">
              <value>
                <![CDATA[ Your registration completed]]>
              </value>
            </param>
            <param index="11">
              <value>
                <![CDATA[The specified email already exists]]>
              </value>
            </param>
          </params>
          <reporter-output>
          </reporter-output>
        </test-method> <!-- NewUserReg -->
        <test-method is-config="true" signature="TearDown()[pri:0, instance:pocFramework.pocFramework.Test_Cases_1@53ca01a2]" started-at="2020-05-23T10:09:06Z" name="TearDown" finished-at="2020-05-23T10:09:06Z" duration-ms="86" status="PASS">
          <reporter-output>
          </reporter-output>
        </test-method> <!-- TearDown -->
      </class> <!-- pocFramework.pocFramework.Test_Cases_1 -->
    </test> <!-- Test -->
  </suite> <!-- Suite -->
</testng-results>
